<?xml version="1.0" encoding="UTF-8"?>
<!-- Generated by org.testng.reporters.JUnitReportReporter -->
<testsuite hostname="LAPTOP-QLTQ10AV" failures="0" tests="6" name="com.comcast.crm.orgtest.CreateOrganizationTest" time="37.690" errors="0" timestamp="2025-05-03T13:35:53 IST" skipped="0">
  <testcase classname="com.comcast.crm.orgtest.CreateOrganizationTest" name="OrganizationTest" time="6.243"/>
  <testcase classname="com.comcast.crm.orgtest.CreateOrganizationTest" name="OrganizationWithIndustryTest" time="6.346"/>
  <testcase classname="com.comcast.crm.orgtest.CreateOrganizationTest" name="OrganizationWithIndustryTest" time="5.469"/>
  <testcase classname="com.comcast.crm.orgtest.CreateOrganizationTest" name="OrganizationWithPhoneNumberTest" time="6.214"/>
  <testcase classname="com.comcast.crm.orgtest.CreateOrganizationTest" name="OrganizationTest" time="7.377"/>
  <testcase classname="com.comcast.crm.orgtest.CreateOrganizationTest" name="OrganizationWithPhoneNumberTest" time="6.041"/>
</testsuite> <!-- com.comcast.crm.orgtest.CreateOrganizationTest -->
