<?xml version="1.0" encoding="UTF-8"?>
<!-- Generated by org.testng.reporters.JUnitReportReporter -->
<testsuite hostname="LAPTOP-QLTQ10AV" failures="0" tests="6" name="com.comcast.crm.contacttest.CreateContactTest" time="49.390" errors="0" timestamp="2025-05-03T13:35:53 IST" skipped="0">
  <testcase classname="com.comcast.crm.contacttest.CreateContactTest" name="createContactTest" time="5.594"/>
  <testcase classname="com.comcast.crm.contacttest.CreateContactTest" name="CreateContactWithSupportDateTest" time="6.226"/>
  <testcase classname="com.comcast.crm.contacttest.CreateContactTest" name="CreateContactWithOrgTest" time="12.873"/>
  <testcase classname="com.comcast.crm.contacttest.CreateContactTest" name="createContactTest" time="5.495"/>
  <testcase classname="com.comcast.crm.contacttest.CreateContactTest" name="CreateContactWithSupportDateTest" time="6.286"/>
  <testcase classname="com.comcast.crm.contacttest.CreateContactTest" name="CreateContactWithOrgTest" time="12.916"/>
</testsuite> <!-- com.comcast.crm.contacttest.CreateContactTest -->
